[2025-05-27 20:32:39] Fetching data for BTCUSDT...
[2025-05-27 20:32:43] ✅ BTCUSDT: Best strategy → ('ema',) | PnL: 1447.40 | Win rate: 0.43
[2025-05-27 20:32:43] Fetching data for ETHUSDT...
[2025-05-27 20:32:43] ✅ ETHUSDT: Best strategy → ('ema',) | PnL: 71.40 | Win rate: 0.59
[2025-05-27 20:32:43] Fetching data for XRPUSDT...
[2025-05-27 20:32:43] ✅ XRPUSDT: Best strategy → ('ema',) | PnL: 0.02 | Win rate: 0.41
[2025-05-27 20:32:43] Fetching data for BNBUSDT...
[2025-05-27 20:32:44] ✅ BNBUSDT: Best strategy → ('ema',) | PnL: 8.33 | Win rate: 0.57
[2025-05-27 20:32:44] Fetching data for SOLUSDT...
[2025-05-27 20:32:45] ✅ SOLUSDT: Best strategy → ('ema',) | PnL: 0.72 | Win rate: 0.42
[2025-05-27 20:32:45] Fetching data for USDCUSDT...
[2025-05-27 20:32:45] ✅ USDCUSDT: Best strategy → ('ema',) | PnL: -0.00 | Win rate: 0.00
[2025-05-27 20:32:45] Fetching data for DOGEUSDT...
[2025-05-27 20:32:45] ✅ DOGEUSDT: Best strategy → ('ema',) | PnL: 0.00 | Win rate: 0.56
[2025-05-27 20:32:45] Fetching data for ADAUSDT...
[2025-05-27 20:32:46] ✅ ADAUSDT: Best strategy → ('ema',) | PnL: 0.01 | Win rate: 0.32
[2025-05-27 20:32:46] Fetching data for TRXUSDT...
[2025-05-27 20:32:46] ✅ TRXUSDT: Best strategy → ('ema',) | PnL: 0.00 | Win rate: 0.37
[2025-05-27 20:32:46] Fetching data for SUIUSDT...
[2025-05-27 20:32:46] ✅ SUIUSDT: Best strategy → ('ema',) | PnL: 0.06 | Win rate: 0.50
