2025-06-09 17:34:06,425 [INFO] Config provided directly to orchestrator (merged with file if present).
2025-06-09 17:34:12,738 [INFO] MLFilter: Loaded model, selector, features from ml_filter_model.pkl
2025-06-09 17:34:12,739 [INFO] ML filter initialized.
2025-06-09 17:34:28,026 [INFO] Orchestrator run mode: dry_run
2025-06-09 17:34:28,968 [INFO] Selected top 51 CoinEx symbols.
2025-06-09 17:34:28,968 [INFO] Running bot for 51 symbols on coinex (5min) with strategy 'ema'.
2025-06-09 17:34:28,995 [INFO] MLFilter: Loaded model, selector, features from ml_filter_model.pkl
2025-06-09 17:34:28,995 [INFO] ✅ ML filter loaded from ml_filter_model.pkl
2025-06-09 17:34:28,998 [INFO] Fetching data for BTCUSDT...
2025-06-09 17:34:33,694 [ERROR] MLFilter: Feature selector transform failed: boolean index did not match indexed array along axis 1; size of axis is 11 but size of corresponding boolean axis is 22
2025-06-09 17:34:33,694 [ERROR] MLFilter: should_enter blocked: MLFilter: Feature selector transform failed: boolean index did not match indexed array along axis 1; size of axis is 11 but size of corresponding boolean axis is 22
2025-06-09 17:34:33,753 [ERROR] MLFilter: Feature selector transform failed: boolean index did not match indexed array along axis 1; size of axis is 11 but size of corresponding boolean axis is 22
2025-06-09 17:34:33,754 [ERROR] MLFilter: should_enter blocked: MLFilter: Feature selector transform failed: boolean index did not match indexed array along axis 1; size of axis is 11 but size of corresponding boolean axis is 22
2025-06-09 17:34:33,816 [ERROR] MLFilter: Feature selector transform failed: boolean index did not match indexed array along axis 1; size of axis is 11 but size of corresponding boolean axis is 22
2025-06-09 17:34:33,817 [ERROR] MLFilter: should_enter blocked: MLFilter: Feature selector transform failed: boolean index did not match indexed array along axis 1; size of axis is 11 but size of corresponding boolean axis is 22
2025-06-09 17:34:33,877 [ERROR] MLFilter: Feature selector transform failed: boolean index did not match indexed array along axis 1; size of axis is 11 but size of corresponding boolean axis is 22
2025-06-09 17:34:33,877 [ERROR] MLFilter: should_enter blocked: MLFilter: Feature selector transform failed: boolean index did not match indexed array along axis 1; size of axis is 11 but size of corresponding boolean axis is 22
2025-06-09 17:34:33,941 [ERROR] MLFilter: Feature selector transform failed: boolean index did not match indexed array along axis 1; size of axis is 11 but size of corresponding boolean axis is 22
2025-06-09 17:34:33,941 [ERROR] MLFilter: should_enter blocked: MLFilter: Feature selector transform failed: boolean index did not match indexed array along axis 1; size of axis is 11 but size of corresponding boolean axis is 22
2025-06-09 17:34:34,002 [ERROR] MLFilter: Feature selector transform failed: boolean index did not match indexed array along axis 1; size of axis is 11 but size of corresponding boolean axis is 22
2025-06-09 17:34:34,002 [ERROR] MLFilter: should_enter blocked: MLFilter: Feature selector transform failed: boolean index did not match indexed array along axis 1; size of axis is 11 but size of corresponding boolean axis is 22
2025-06-09 17:34:34,064 [ERROR] MLFilter: Feature selector transform failed: boolean index did not match indexed array along axis 1; size of axis is 11 but size of corresponding boolean axis is 22
2025-06-09 17:34:34,064 [ERROR] MLFilter: should_enter blocked: MLFilter: Feature selector transform failed: boolean index did not match indexed array along axis 1; size of axis is 11 but size of corresponding boolean axis is 22
2025-06-09 17:34:34,126 [ERROR] MLFilter: Feature selector transform failed: boolean index did not match indexed array along axis 1; size of axis is 11 but size of corresponding boolean axis is 22
2025-06-09 17:34:34,126 [ERROR] MLFilter: should_enter blocked: MLFilter: Feature selector transform failed: boolean index did not match indexed array along axis 1; size of axis is 11 but size of corresponding boolean axis is 22
2025-06-09 17:34:34,188 [ERROR] MLFilter: Feature selector transform failed: boolean index did not match indexed array along axis 1; size of axis is 11 but size of corresponding boolean axis is 22
2025-06-09 17:34:34,189 [ERROR] MLFilter: should_enter blocked: MLFilter: Feature selector transform failed: boolean index did not match indexed array along axis 1; size of axis is 11 but size of corresponding boolean axis is 22
2025-06-09 17:34:34,251 [ERROR] MLFilter: Feature selector transform failed: boolean index did not match indexed array along axis 1; size of axis is 11 but size of corresponding boolean axis is 22
2025-06-09 17:34:34,251 [ERROR] MLFilter: should_enter blocked: MLFilter: Feature selector transform failed: boolean index did not match indexed array along axis 1; size of axis is 11 but size of corresponding boolean axis is 22
2025-06-09 17:34:34,314 [ERROR] MLFilter: Feature selector transform failed: boolean index did not match indexed array along axis 1; size of axis is 11 but size of corresponding boolean axis is 22
2025-06-09 17:34:34,315 [ERROR] MLFilter: should_enter blocked: MLFilter: Feature selector transform failed: boolean index did not match indexed array along axis 1; size of axis is 11 but size of corresponding boolean axis is 22
2025-06-09 17:34:34,375 [ERROR] MLFilter: Feature selector transform failed: boolean index did not match indexed array along axis 1; size of axis is 11 but size of corresponding boolean axis is 22
2025-06-09 17:34:34,375 [ERROR] MLFilter: should_enter blocked: MLFilter: Feature selector transform failed: boolean index did not match indexed array along axis 1; size of axis is 11 but size of corresponding boolean axis is 22
2025-06-09 17:34:34,438 [ERROR] MLFilter: Feature selector transform failed: boolean index did not match indexed array along axis 1; size of axis is 11 but size of corresponding boolean axis is 22
2025-06-09 17:34:34,438 [ERROR] MLFilter: should_enter blocked: MLFilter: Feature selector transform failed: boolean index did not match indexed array along axis 1; size of axis is 11 but size of corresponding boolean axis is 22
2025-06-09 17:34:34,499 [ERROR] MLFilter: Feature selector transform failed: boolean index did not match indexed array along axis 1; size of axis is 11 but size of corresponding boolean axis is 22
2025-06-09 17:34:34,499 [ERROR] MLFilter: should_enter blocked: MLFilter: Feature selector transform failed: boolean index did not match indexed array along axis 1; size of axis is 11 but size of corresponding boolean axis is 22
2025-06-09 17:34:34,563 [ERROR] MLFilter: Feature selector transform failed: boolean index did not match indexed array along axis 1; size of axis is 11 but size of corresponding boolean axis is 22
2025-06-09 17:34:34,564 [ERROR] MLFilter: should_enter blocked: MLFilter: Feature selector transform failed: boolean index did not match indexed array along axis 1; size of axis is 11 but size of corresponding boolean axis is 22
2025-06-09 17:34:34,624 [ERROR] MLFilter: Feature selector transform failed: boolean index did not match indexed array along axis 1; size of axis is 11 but size of corresponding boolean axis is 22
2025-06-09 17:34:34,625 [ERROR] MLFilter: should_enter blocked: MLFilter: Feature selector transform failed: boolean index did not match indexed array along axis 1; size of axis is 11 but size of corresponding boolean axis is 22
2025-06-09 17:34:34,686 [ERROR] MLFilter: Feature selector transform failed: boolean index did not match indexed array along axis 1; size of axis is 11 but size of corresponding boolean axis is 22
2025-06-09 17:34:34,687 [ERROR] MLFilter: should_enter blocked: MLFilter: Feature selector transform failed: boolean index did not match indexed array along axis 1; size of axis is 11 but size of corresponding boolean axis is 22
2025-06-09 17:34:34,749 [ERROR] MLFilter: Feature selector transform failed: boolean index did not match indexed array along axis 1; size of axis is 11 but size of corresponding boolean axis is 22
2025-06-09 17:34:34,749 [ERROR] MLFilter: should_enter blocked: MLFilter: Feature selector transform failed: boolean index did not match indexed array along axis 1; size of axis is 11 but size of corresponding boolean axis is 22
2025-06-09 17:34:34,811 [ERROR] MLFilter: Feature selector transform failed: boolean index did not match indexed array along axis 1; size of axis is 11 but size of corresponding boolean axis is 22
2025-06-09 17:34:34,811 [ERROR] MLFilter: should_enter blocked: MLFilter: Feature selector transform failed: boolean index did not match indexed array along axis 1; size of axis is 11 but size of corresponding boolean axis is 22
2025-06-09 17:34:34,873 [ERROR] MLFilter: Feature selector transform failed: boolean index did not match indexed array along axis 1; size of axis is 11 but size of corresponding boolean axis is 22
2025-06-09 17:34:34,873 [ERROR] MLFilter: should_enter blocked: MLFilter: Feature selector transform failed: boolean index did not match indexed array along axis 1; size of axis is 11 but size of corresponding boolean axis is 22
2025-06-09 17:34:34,935 [ERROR] MLFilter: Feature selector transform failed: boolean index did not match indexed array along axis 1; size of axis is 11 but size of corresponding boolean axis is 22
2025-06-09 17:34:34,935 [ERROR] MLFilter: should_enter blocked: MLFilter: Feature selector transform failed: boolean index did not match indexed array along axis 1; size of axis is 11 but size of corresponding boolean axis is 22
2025-06-09 17:34:34,998 [ERROR] MLFilter: Feature selector transform failed: boolean index did not match indexed array along axis 1; size of axis is 11 but size of corresponding boolean axis is 22
2025-06-09 17:34:34,998 [ERROR] MLFilter: should_enter blocked: MLFilter: Feature selector transform failed: boolean index did not match indexed array along axis 1; size of axis is 11 but size of corresponding boolean axis is 22
2025-06-09 17:34:35,059 [ERROR] MLFilter: Feature selector transform failed: boolean index did not match indexed array along axis 1; size of axis is 11 but size of corresponding boolean axis is 22
2025-06-09 17:34:35,060 [ERROR] MLFilter: should_enter blocked: MLFilter: Feature selector transform failed: boolean index did not match indexed array along axis 1; size of axis is 11 but size of corresponding boolean axis is 22
2025-06-09 17:34:35,122 [ERROR] MLFilter: Feature selector transform failed: boolean index did not match indexed array along axis 1; size of axis is 11 but size of corresponding boolean axis is 22
2025-06-09 17:34:35,122 [ERROR] MLFilter: should_enter blocked: MLFilter: Feature selector transform failed: boolean index did not match indexed array along axis 1; size of axis is 11 but size of corresponding boolean axis is 22
2025-06-09 17:34:35,184 [ERROR] MLFilter: Feature selector transform failed: boolean index did not match indexed array along axis 1; size of axis is 11 but size of corresponding boolean axis is 22
2025-06-09 17:34:35,184 [ERROR] MLFilter: should_enter blocked: MLFilter: Feature selector transform failed: boolean index did not match indexed array along axis 1; size of axis is 11 but size of corresponding boolean axis is 22
2025-06-09 17:34:35,246 [ERROR] MLFilter: Feature selector transform failed: boolean index did not match indexed array along axis 1; size of axis is 11 but size of corresponding boolean axis is 22
2025-06-09 17:34:35,246 [ERROR] MLFilter: should_enter blocked: MLFilter: Feature selector transform failed: boolean index did not match indexed array along axis 1; size of axis is 11 but size of corresponding boolean axis is 22
2025-06-09 17:34:35,308 [ERROR] MLFilter: Feature selector transform failed: boolean index did not match indexed array along axis 1; size of axis is 11 but size of corresponding boolean axis is 22
2025-06-09 17:34:35,308 [ERROR] MLFilter: should_enter blocked: MLFilter: Feature selector transform failed: boolean index did not match indexed array along axis 1; size of axis is 11 but size of corresponding boolean axis is 22
2025-06-09 17:34:35,370 [ERROR] MLFilter: Feature selector transform failed: boolean index did not match indexed array along axis 1; size of axis is 11 but size of corresponding boolean axis is 22
2025-06-09 17:34:35,371 [ERROR] MLFilter: should_enter blocked: MLFilter: Feature selector transform failed: boolean index did not match indexed array along axis 1; size of axis is 11 but size of corresponding boolean axis is 22
2025-06-09 17:34:35,432 [ERROR] MLFilter: Feature selector transform failed: boolean index did not match indexed array along axis 1; size of axis is 11 but size of corresponding boolean axis is 22
2025-06-09 17:34:35,432 [ERROR] MLFilter: should_enter blocked: MLFilter: Feature selector transform failed: boolean index did not match indexed array along axis 1; size of axis is 11 but size of corresponding boolean axis is 22
2025-06-09 17:34:35,494 [ERROR] MLFilter: Feature selector transform failed: boolean index did not match indexed array along axis 1; size of axis is 11 but size of corresponding boolean axis is 22
2025-06-09 17:34:35,495 [ERROR] MLFilter: should_enter blocked: MLFilter: Feature selector transform failed: boolean index did not match indexed array along axis 1; size of axis is 11 but size of corresponding boolean axis is 22
2025-06-09 17:34:35,556 [ERROR] MLFilter: Feature selector transform failed: boolean index did not match indexed array along axis 1; size of axis is 11 but size of corresponding boolean axis is 22
2025-06-09 17:34:35,557 [ERROR] MLFilter: should_enter blocked: MLFilter: Feature selector transform failed: boolean index did not match indexed array along axis 1; size of axis is 11 but size of corresponding boolean axis is 22
2025-06-09 17:34:35,618 [ERROR] MLFilter: Feature selector transform failed: boolean index did not match indexed array along axis 1; size of axis is 11 but size of corresponding boolean axis is 22
2025-06-09 17:34:35,618 [ERROR] MLFilter: should_enter blocked: MLFilter: Feature selector transform failed: boolean index did not match indexed array along axis 1; size of axis is 11 but size of corresponding boolean axis is 22
2025-06-09 17:34:35,681 [ERROR] MLFilter: Feature selector transform failed: boolean index did not match indexed array along axis 1; size of axis is 11 but size of corresponding boolean axis is 22
2025-06-09 17:34:35,681 [ERROR] MLFilter: should_enter blocked: MLFilter: Feature selector transform failed: boolean index did not match indexed array along axis 1; size of axis is 11 but size of corresponding boolean axis is 22
2025-06-09 17:34:35,744 [ERROR] MLFilter: Feature selector transform failed: boolean index did not match indexed array along axis 1; size of axis is 11 but size of corresponding boolean axis is 22
2025-06-09 17:34:35,744 [ERROR] MLFilter: should_enter blocked: MLFilter: Feature selector transform failed: boolean index did not match indexed array along axis 1; size of axis is 11 but size of corresponding boolean axis is 22
2025-06-09 17:34:35,805 [ERROR] MLFilter: Feature selector transform failed: boolean index did not match indexed array along axis 1; size of axis is 11 but size of corresponding boolean axis is 22
2025-06-09 17:34:35,805 [ERROR] MLFilter: should_enter blocked: MLFilter: Feature selector transform failed: boolean index did not match indexed array along axis 1; size of axis is 11 but size of corresponding boolean axis is 22
2025-06-09 17:34:35,867 [ERROR] MLFilter: Feature selector transform failed: boolean index did not match indexed array along axis 1; size of axis is 11 but size of corresponding boolean axis is 22
2025-06-09 17:34:35,867 [ERROR] MLFilter: should_enter blocked: MLFilter: Feature selector transform failed: boolean index did not match indexed array along axis 1; size of axis is 11 but size of corresponding boolean axis is 22
2025-06-09 17:34:35,930 [ERROR] MLFilter: Feature selector transform failed: boolean index did not match indexed array along axis 1; size of axis is 11 but size of corresponding boolean axis is 22
2025-06-09 17:34:35,930 [ERROR] MLFilter: should_enter blocked: MLFilter: Feature selector transform failed: boolean index did not match indexed array along axis 1; size of axis is 11 but size of corresponding boolean axis is 22
2025-06-09 17:34:35,992 [ERROR] MLFilter: Feature selector transform failed: boolean index did not match indexed array along axis 1; size of axis is 11 but size of corresponding boolean axis is 22
2025-06-09 17:34:35,992 [ERROR] MLFilter: should_enter blocked: MLFilter: Feature selector transform failed: boolean index did not match indexed array along axis 1; size of axis is 11 but size of corresponding boolean axis is 22
2025-06-09 17:34:36,055 [ERROR] MLFilter: Feature selector transform failed: boolean index did not match indexed array along axis 1; size of axis is 11 but size of corresponding boolean axis is 22
2025-06-09 17:34:36,055 [ERROR] MLFilter: should_enter blocked: MLFilter: Feature selector transform failed: boolean index did not match indexed array along axis 1; size of axis is 11 but size of corresponding boolean axis is 22
2025-06-09 17:34:36,117 [ERROR] MLFilter: Feature selector transform failed: boolean index did not match indexed array along axis 1; size of axis is 11 but size of corresponding boolean axis is 22
2025-06-09 17:34:36,117 [ERROR] MLFilter: should_enter blocked: MLFilter: Feature selector transform failed: boolean index did not match indexed array along axis 1; size of axis is 11 but size of corresponding boolean axis is 22
2025-06-09 17:34:36,178 [ERROR] MLFilter: Feature selector transform failed: boolean index did not match indexed array along axis 1; size of axis is 11 but size of corresponding boolean axis is 22
2025-06-09 17:34:36,179 [ERROR] MLFilter: should_enter blocked: MLFilter: Feature selector transform failed: boolean index did not match indexed array along axis 1; size of axis is 11 but size of corresponding boolean axis is 22
2025-06-09 17:34:36,244 [ERROR] MLFilter: Feature selector transform failed: boolean index did not match indexed array along axis 1; size of axis is 11 but size of corresponding boolean axis is 22
2025-06-09 17:34:36,245 [ERROR] MLFilter: should_enter blocked: MLFilter: Feature selector transform failed: boolean index did not match indexed array along axis 1; size of axis is 11 but size of corresponding boolean axis is 22
2025-06-09 17:34:36,303 [ERROR] MLFilter: Feature selector transform failed: boolean index did not match indexed array along axis 1; size of axis is 11 but size of corresponding boolean axis is 22
2025-06-09 17:34:36,303 [ERROR] MLFilter: should_enter blocked: MLFilter: Feature selector transform failed: boolean index did not match indexed array along axis 1; size of axis is 11 but size of corresponding boolean axis is 22
2025-06-09 17:34:36,366 [ERROR] MLFilter: Feature selector transform failed: boolean index did not match indexed array along axis 1; size of axis is 11 but size of corresponding boolean axis is 22
2025-06-09 17:34:36,366 [ERROR] MLFilter: should_enter blocked: MLFilter: Feature selector transform failed: boolean index did not match indexed array along axis 1; size of axis is 11 but size of corresponding boolean axis is 22
2025-06-09 17:34:36,428 [ERROR] MLFilter: Feature selector transform failed: boolean index did not match indexed array along axis 1; size of axis is 11 but size of corresponding boolean axis is 22
2025-06-09 17:34:36,429 [ERROR] MLFilter: should_enter blocked: MLFilter: Feature selector transform failed: boolean index did not match indexed array along axis 1; size of axis is 11 but size of corresponding boolean axis is 22
2025-06-09 17:34:36,490 [ERROR] MLFilter: Feature selector transform failed: boolean index did not match indexed array along axis 1; size of axis is 11 but size of corresponding boolean axis is 22
2025-06-09 17:34:36,491 [ERROR] MLFilter: should_enter blocked: MLFilter: Feature selector transform failed: boolean index did not match indexed array along axis 1; size of axis is 11 but size of corresponding boolean axis is 22
2025-06-09 17:34:36,552 [ERROR] MLFilter: Feature selector transform failed: boolean index did not match indexed array along axis 1; size of axis is 11 but size of corresponding boolean axis is 22
2025-06-09 17:34:36,552 [ERROR] MLFilter: should_enter blocked: MLFilter: Feature selector transform failed: boolean index did not match indexed array along axis 1; size of axis is 11 but size of corresponding boolean axis is 22
2025-06-09 17:34:36,614 [ERROR] MLFilter: Feature selector transform failed: boolean index did not match indexed array along axis 1; size of axis is 11 but size of corresponding boolean axis is 22
2025-06-09 17:34:36,614 [ERROR] MLFilter: should_enter blocked: MLFilter: Feature selector transform failed: boolean index did not match indexed array along axis 1; size of axis is 11 but size of corresponding boolean axis is 22
2025-06-09 17:34:36,677 [ERROR] MLFilter: Feature selector transform failed: boolean index did not match indexed array along axis 1; size of axis is 11 but size of corresponding boolean axis is 22
2025-06-09 17:34:36,677 [ERROR] MLFilter: should_enter blocked: MLFilter: Feature selector transform failed: boolean index did not match indexed array along axis 1; size of axis is 11 but size of corresponding boolean axis is 22
2025-06-09 17:34:36,739 [ERROR] MLFilter: Feature selector transform failed: boolean index did not match indexed array along axis 1; size of axis is 11 but size of corresponding boolean axis is 22
2025-06-09 17:34:36,739 [ERROR] MLFilter: should_enter blocked: MLFilter: Feature selector transform failed: boolean index did not match indexed array along axis 1; size of axis is 11 but size of corresponding boolean axis is 22
2025-06-09 17:34:36,802 [ERROR] MLFilter: Feature selector transform failed: boolean index did not match indexed array along axis 1; size of axis is 11 but size of corresponding boolean axis is 22
2025-06-09 17:34:36,802 [ERROR] MLFilter: should_enter blocked: MLFilter: Feature selector transform failed: boolean index did not match indexed array along axis 1; size of axis is 11 but size of corresponding boolean axis is 22
2025-06-09 17:34:36,863 [ERROR] MLFilter: Feature selector transform failed: boolean index did not match indexed array along axis 1; size of axis is 11 but size of corresponding boolean axis is 22
2025-06-09 17:34:36,863 [ERROR] MLFilter: should_enter blocked: MLFilter: Feature selector transform failed: boolean index did not match indexed array along axis 1; size of axis is 11 but size of corresponding boolean axis is 22
2025-06-09 17:34:36,925 [ERROR] MLFilter: Feature selector transform failed: boolean index did not match indexed array along axis 1; size of axis is 11 but size of corresponding boolean axis is 22
2025-06-09 17:34:36,926 [ERROR] MLFilter: should_enter blocked: MLFilter: Feature selector transform failed: boolean index did not match indexed array along axis 1; size of axis is 11 but size of corresponding boolean axis is 22
2025-06-09 17:34:36,988 [ERROR] MLFilter: Feature selector transform failed: boolean index did not match indexed array along axis 1; size of axis is 11 but size of corresponding boolean axis is 22
2025-06-09 17:34:36,988 [ERROR] MLFilter: should_enter blocked: MLFilter: Feature selector transform failed: boolean index did not match indexed array along axis 1; size of axis is 11 but size of corresponding boolean axis is 22
2025-06-09 17:34:37,050 [ERROR] MLFilter: Feature selector transform failed: boolean index did not match indexed array along axis 1; size of axis is 11 but size of corresponding boolean axis is 22
2025-06-09 17:34:37,050 [ERROR] MLFilter: should_enter blocked: MLFilter: Feature selector transform failed: boolean index did not match indexed array along axis 1; size of axis is 11 but size of corresponding boolean axis is 22
2025-06-09 17:34:37,112 [ERROR] MLFilter: Feature selector transform failed: boolean index did not match indexed array along axis 1; size of axis is 11 but size of corresponding boolean axis is 22
2025-06-09 17:34:37,112 [ERROR] MLFilter: should_enter blocked: MLFilter: Feature selector transform failed: boolean index did not match indexed array along axis 1; size of axis is 11 but size of corresponding boolean axis is 22
2025-06-09 17:34:37,174 [ERROR] MLFilter: Feature selector transform failed: boolean index did not match indexed array along axis 1; size of axis is 11 but size of corresponding boolean axis is 22
2025-06-09 17:34:37,175 [ERROR] MLFilter: should_enter blocked: MLFilter: Feature selector transform failed: boolean index did not match indexed array along axis 1; size of axis is 11 but size of corresponding boolean axis is 22
2025-06-09 17:34:37,238 [ERROR] MLFilter: Feature selector transform failed: boolean index did not match indexed array along axis 1; size of axis is 11 but size of corresponding boolean axis is 22
2025-06-09 17:34:37,238 [ERROR] MLFilter: should_enter blocked: MLFilter: Feature selector transform failed: boolean index did not match indexed array along axis 1; size of axis is 11 but size of corresponding boolean axis is 22
2025-06-09 17:34:37,298 [ERROR] MLFilter: Feature selector transform failed: boolean index did not match indexed array along axis 1; size of axis is 11 but size of corresponding boolean axis is 22
2025-06-09 17:34:37,298 [ERROR] MLFilter: should_enter blocked: MLFilter: Feature selector transform failed: boolean index did not match indexed array along axis 1; size of axis is 11 but size of corresponding boolean axis is 22
2025-06-09 17:34:37,362 [ERROR] MLFilter: Feature selector transform failed: boolean index did not match indexed array along axis 1; size of axis is 11 but size of corresponding boolean axis is 22
2025-06-09 17:34:37,363 [ERROR] MLFilter: should_enter blocked: MLFilter: Feature selector transform failed: boolean index did not match indexed array along axis 1; size of axis is 11 but size of corresponding boolean axis is 22
2025-06-09 17:34:37,423 [ERROR] MLFilter: Feature selector transform failed: boolean index did not match indexed array along axis 1; size of axis is 11 but size of corresponding boolean axis is 22
2025-06-09 17:34:37,423 [ERROR] MLFilter: should_enter blocked: MLFilter: Feature selector transform failed: boolean index did not match indexed array along axis 1; size of axis is 11 but size of corresponding boolean axis is 22
2025-06-09 17:34:37,486 [ERROR] MLFilter: Feature selector transform failed: boolean index did not match indexed array along axis 1; size of axis is 11 but size of corresponding boolean axis is 22
2025-06-09 17:34:37,486 [ERROR] MLFilter: should_enter blocked: MLFilter: Feature selector transform failed: boolean index did not match indexed array along axis 1; size of axis is 11 but size of corresponding boolean axis is 22
2025-06-09 17:34:37,547 [ERROR] MLFilter: Feature selector transform failed: boolean index did not match indexed array along axis 1; size of axis is 11 but size of corresponding boolean axis is 22
2025-06-09 17:34:37,548 [ERROR] MLFilter: should_enter blocked: MLFilter: Feature selector transform failed: boolean index did not match indexed array along axis 1; size of axis is 11 but size of corresponding boolean axis is 22
2025-06-09 17:34:37,610 [ERROR] MLFilter: Feature selector transform failed: boolean index did not match indexed array along axis 1; size of axis is 11 but size of corresponding boolean axis is 22
2025-06-09 17:34:37,611 [ERROR] MLFilter: should_enter blocked: MLFilter: Feature selector transform failed: boolean index did not match indexed array along axis 1; size of axis is 11 but size of corresponding boolean axis is 22
2025-06-09 17:34:37,672 [ERROR] MLFilter: Feature selector transform failed: boolean index did not match indexed array along axis 1; size of axis is 11 but size of corresponding boolean axis is 22
2025-06-09 17:34:37,672 [ERROR] MLFilter: should_enter blocked: MLFilter: Feature selector transform failed: boolean index did not match indexed array along axis 1; size of axis is 11 but size of corresponding boolean axis is 22
2025-06-09 17:34:37,735 [ERROR] MLFilter: Feature selector transform failed: boolean index did not match indexed array along axis 1; size of axis is 11 but size of corresponding boolean axis is 22
2025-06-09 17:34:37,735 [ERROR] MLFilter: should_enter blocked: MLFilter: Feature selector transform failed: boolean index did not match indexed array along axis 1; size of axis is 11 but size of corresponding boolean axis is 22
2025-06-09 17:34:37,797 [ERROR] MLFilter: Feature selector transform failed: boolean index did not match indexed array along axis 1; size of axis is 11 but size of corresponding boolean axis is 22
2025-06-09 17:34:37,797 [ERROR] MLFilter: should_enter blocked: MLFilter: Feature selector transform failed: boolean index did not match indexed array along axis 1; size of axis is 11 but size of corresponding boolean axis is 22
2025-06-09 17:34:37,859 [ERROR] MLFilter: Feature selector transform failed: boolean index did not match indexed array along axis 1; size of axis is 11 but size of corresponding boolean axis is 22
2025-06-09 17:34:37,860 [ERROR] MLFilter: should_enter blocked: MLFilter: Feature selector transform failed: boolean index did not match indexed array along axis 1; size of axis is 11 but size of corresponding boolean axis is 22
2025-06-09 17:34:37,921 [ERROR] MLFilter: Feature selector transform failed: boolean index did not match indexed array along axis 1; size of axis is 11 but size of corresponding boolean axis is 22
2025-06-09 17:34:37,921 [ERROR] MLFilter: should_enter blocked: MLFilter: Feature selector transform failed: boolean index did not match indexed array along axis 1; size of axis is 11 but size of corresponding boolean axis is 22
2025-06-09 17:34:37,983 [ERROR] MLFilter: Feature selector transform failed: boolean index did not match indexed array along axis 1; size of axis is 11 but size of corresponding boolean axis is 22
2025-06-09 17:34:37,983 [ERROR] MLFilter: should_enter blocked: MLFilter: Feature selector transform failed: boolean index did not match indexed array along axis 1; size of axis is 11 but size of corresponding boolean axis is 22
2025-06-09 17:34:38,109 [ERROR] MLFilter: Feature selector transform failed: boolean index did not match indexed array along axis 1; size of axis is 11 but size of corresponding boolean axis is 22
2025-06-09 17:34:38,109 [ERROR] MLFilter: should_enter blocked: MLFilter: Feature selector transform failed: boolean index did not match indexed array along axis 1; size of axis is 11 but size of corresponding boolean axis is 22
2025-06-09 17:34:38,170 [ERROR] MLFilter: Feature selector transform failed: boolean index did not match indexed array along axis 1; size of axis is 11 but size of corresponding boolean axis is 22
2025-06-09 17:34:38,171 [ERROR] MLFilter: should_enter blocked: MLFilter: Feature selector transform failed: boolean index did not match indexed array along axis 1; size of axis is 11 but size of corresponding boolean axis is 22
2025-06-09 17:34:38,232 [ERROR] MLFilter: Feature selector transform failed: boolean index did not match indexed array along axis 1; size of axis is 11 but size of corresponding boolean axis is 22
2025-06-09 17:34:38,232 [ERROR] MLFilter: should_enter blocked: MLFilter: Feature selector transform failed: boolean index did not match indexed array along axis 1; size of axis is 11 but size of corresponding boolean axis is 22
2025-06-09 17:34:38,294 [ERROR] MLFilter: Feature selector transform failed: boolean index did not match indexed array along axis 1; size of axis is 11 but size of corresponding boolean axis is 22
2025-06-09 17:34:38,294 [ERROR] MLFilter: should_enter blocked: MLFilter: Feature selector transform failed: boolean index did not match indexed array along axis 1; size of axis is 11 but size of corresponding boolean axis is 22
2025-06-09 17:34:38,357 [ERROR] MLFilter: Feature selector transform failed: boolean index did not match indexed array along axis 1; size of axis is 11 but size of corresponding boolean axis is 22
2025-06-09 17:34:38,357 [ERROR] MLFilter: should_enter blocked: MLFilter: Feature selector transform failed: boolean index did not match indexed array along axis 1; size of axis is 11 but size of corresponding boolean axis is 22
2025-06-09 17:34:38,419 [ERROR] MLFilter: Feature selector transform failed: boolean index did not match indexed array along axis 1; size of axis is 11 but size of corresponding boolean axis is 22
2025-06-09 17:34:38,419 [ERROR] MLFilter: should_enter blocked: MLFilter: Feature selector transform failed: boolean index did not match indexed array along axis 1; size of axis is 11 but size of corresponding boolean axis is 22
2025-06-09 17:34:38,481 [ERROR] MLFilter: Feature selector transform failed: boolean index did not match indexed array along axis 1; size of axis is 11 but size of corresponding boolean axis is 22
2025-06-09 17:34:38,481 [ERROR] MLFilter: should_enter blocked: MLFilter: Feature selector transform failed: boolean index did not match indexed array along axis 1; size of axis is 11 but size of corresponding boolean axis is 22
2025-06-09 17:34:38,543 [ERROR] MLFilter: Feature selector transform failed: boolean index did not match indexed array along axis 1; size of axis is 11 but size of corresponding boolean axis is 22
2025-06-09 17:34:38,544 [ERROR] MLFilter: should_enter blocked: MLFilter: Feature selector transform failed: boolean index did not match indexed array along axis 1; size of axis is 11 but size of corresponding boolean axis is 22
2025-06-09 17:34:38,606 [ERROR] MLFilter: Feature selector transform failed: boolean index did not match indexed array along axis 1; size of axis is 11 but size of corresponding boolean axis is 22
2025-06-09 17:34:38,606 [ERROR] MLFilter: should_enter blocked: MLFilter: Feature selector transform failed: boolean index did not match indexed array along axis 1; size of axis is 11 but size of corresponding boolean axis is 22
2025-06-09 17:34:38,669 [ERROR] MLFilter: Feature selector transform failed: boolean index did not match indexed array along axis 1; size of axis is 11 but size of corresponding boolean axis is 22
2025-06-09 17:34:38,669 [ERROR] MLFilter: should_enter blocked: MLFilter: Feature selector transform failed: boolean index did not match indexed array along axis 1; size of axis is 11 but size of corresponding boolean axis is 22
2025-06-09 17:34:38,730 [ERROR] MLFilter: Feature selector transform failed: boolean index did not match indexed array along axis 1; size of axis is 11 but size of corresponding boolean axis is 22
2025-06-09 17:34:38,730 [ERROR] MLFilter: should_enter blocked: MLFilter: Feature selector transform failed: boolean index did not match indexed array along axis 1; size of axis is 11 but size of corresponding boolean axis is 22
2025-06-09 17:34:38,793 [ERROR] MLFilter: Feature selector transform failed: boolean index did not match indexed array along axis 1; size of axis is 11 but size of corresponding boolean axis is 22
2025-06-09 17:34:38,793 [ERROR] MLFilter: should_enter blocked: MLFilter: Feature selector transform failed: boolean index did not match indexed array along axis 1; size of axis is 11 but size of corresponding boolean axis is 22
2025-06-09 17:34:38,854 [ERROR] MLFilter: Feature selector transform failed: boolean index did not match indexed array along axis 1; size of axis is 11 but size of corresponding boolean axis is 22
2025-06-09 17:34:38,854 [ERROR] MLFilter: should_enter blocked: MLFilter: Feature selector transform failed: boolean index did not match indexed array along axis 1; size of axis is 11 but size of corresponding boolean axis is 22
2025-06-09 17:34:38,916 [ERROR] MLFilter: Feature selector transform failed: boolean index did not match indexed array along axis 1; size of axis is 11 but size of corresponding boolean axis is 22
2025-06-09 17:34:38,916 [ERROR] MLFilter: should_enter blocked: MLFilter: Feature selector transform failed: boolean index did not match indexed array along axis 1; size of axis is 11 but size of corresponding boolean axis is 22
2025-06-09 17:34:38,978 [ERROR] MLFilter: Feature selector transform failed: boolean index did not match indexed array along axis 1; size of axis is 11 but size of corresponding boolean axis is 22
2025-06-09 17:34:38,978 [ERROR] MLFilter: should_enter blocked: MLFilter: Feature selector transform failed: boolean index did not match indexed array along axis 1; size of axis is 11 but size of corresponding boolean axis is 22
2025-06-09 17:34:39,041 [ERROR] MLFilter: Feature selector transform failed: boolean index did not match indexed array along axis 1; size of axis is 11 but size of corresponding boolean axis is 22
2025-06-09 17:34:39,042 [ERROR] MLFilter: should_enter blocked: MLFilter: Feature selector transform failed: boolean index did not match indexed array along axis 1; size of axis is 11 but size of corresponding boolean axis is 22
2025-06-09 17:34:39,103 [ERROR] MLFilter: Feature selector transform failed: boolean index did not match indexed array along axis 1; size of axis is 11 but size of corresponding boolean axis is 22
2025-06-09 17:34:39,103 [ERROR] MLFilter: should_enter blocked: MLFilter: Feature selector transform failed: boolean index did not match indexed array along axis 1; size of axis is 11 but size of corresponding boolean axis is 22
2025-06-09 17:34:39,165 [ERROR] MLFilter: Feature selector transform failed: boolean index did not match indexed array along axis 1; size of axis is 11 but size of corresponding boolean axis is 22
2025-06-09 17:34:39,165 [ERROR] MLFilter: should_enter blocked: MLFilter: Feature selector transform failed: boolean index did not match indexed array along axis 1; size of axis is 11 but size of corresponding boolean axis is 22
2025-06-09 17:34:39,228 [ERROR] MLFilter: Feature selector transform failed: boolean index did not match indexed array along axis 1; size of axis is 11 but size of corresponding boolean axis is 22
2025-06-09 17:34:39,228 [ERROR] MLFilter: should_enter blocked: MLFilter: Feature selector transform failed: boolean index did not match indexed array along axis 1; size of axis is 11 but size of corresponding boolean axis is 22
2025-06-09 17:34:39,290 [ERROR] MLFilter: Feature selector transform failed: boolean index did not match indexed array along axis 1; size of axis is 11 but size of corresponding boolean axis is 22
2025-06-09 17:34:39,290 [ERROR] MLFilter: should_enter blocked: MLFilter: Feature selector transform failed: boolean index did not match indexed array along axis 1; size of axis is 11 but size of corresponding boolean axis is 22
2025-06-09 17:34:39,352 [ERROR] MLFilter: Feature selector transform failed: boolean index did not match indexed array along axis 1; size of axis is 11 but size of corresponding boolean axis is 22
2025-06-09 17:34:39,353 [ERROR] MLFilter: should_enter blocked: MLFilter: Feature selector transform failed: boolean index did not match indexed array along axis 1; size of axis is 11 but size of corresponding boolean axis is 22
2025-06-09 17:34:39,415 [ERROR] MLFilter: Feature selector transform failed: boolean index did not match indexed array along axis 1; size of axis is 11 but size of corresponding boolean axis is 22
2025-06-09 17:34:39,416 [ERROR] MLFilter: should_enter blocked: MLFilter: Feature selector transform failed: boolean index did not match indexed array along axis 1; size of axis is 11 but size of corresponding boolean axis is 22
2025-06-09 17:34:39,477 [ERROR] MLFilter: Feature selector transform failed: boolean index did not match indexed array along axis 1; size of axis is 11 but size of corresponding boolean axis is 22
2025-06-09 17:34:39,477 [ERROR] MLFilter: should_enter blocked: MLFilter: Feature selector transform failed: boolean index did not match indexed array along axis 1; size of axis is 11 but size of corresponding boolean axis is 22
2025-06-09 17:34:39,538 [ERROR] MLFilter: Feature selector transform failed: boolean index did not match indexed array along axis 1; size of axis is 11 but size of corresponding boolean axis is 22
2025-06-09 17:34:39,539 [ERROR] MLFilter: should_enter blocked: MLFilter: Feature selector transform failed: boolean index did not match indexed array along axis 1; size of axis is 11 but size of corresponding boolean axis is 22
2025-06-09 17:34:39,602 [ERROR] MLFilter: Feature selector transform failed: boolean index did not match indexed array along axis 1; size of axis is 11 but size of corresponding boolean axis is 22
2025-06-09 17:34:39,602 [ERROR] MLFilter: should_enter blocked: MLFilter: Feature selector transform failed: boolean index did not match indexed array along axis 1; size of axis is 11 but size of corresponding boolean axis is 22
2025-06-09 17:34:39,663 [ERROR] MLFilter: Feature selector transform failed: boolean index did not match indexed array along axis 1; size of axis is 11 but size of corresponding boolean axis is 22
2025-06-09 17:34:39,663 [ERROR] MLFilter: should_enter blocked: MLFilter: Feature selector transform failed: boolean index did not match indexed array along axis 1; size of axis is 11 but size of corresponding boolean axis is 22
2025-06-09 17:34:39,726 [ERROR] MLFilter: Feature selector transform failed: boolean index did not match indexed array along axis 1; size of axis is 11 but size of corresponding boolean axis is 22
2025-06-09 17:34:39,726 [ERROR] MLFilter: should_enter blocked: MLFilter: Feature selector transform failed: boolean index did not match indexed array along axis 1; size of axis is 11 but size of corresponding boolean axis is 22
2025-06-09 17:34:39,787 [ERROR] MLFilter: Feature selector transform failed: boolean index did not match indexed array along axis 1; size of axis is 11 but size of corresponding boolean axis is 22
2025-06-09 17:34:39,787 [ERROR] MLFilter: should_enter blocked: MLFilter: Feature selector transform failed: boolean index did not match indexed array along axis 1; size of axis is 11 but size of corresponding boolean axis is 22
2025-06-09 17:34:39,849 [ERROR] MLFilter: Feature selector transform failed: boolean index did not match indexed array along axis 1; size of axis is 11 but size of corresponding boolean axis is 22
2025-06-09 17:34:39,850 [ERROR] MLFilter: should_enter blocked: MLFilter: Feature selector transform failed: boolean index did not match indexed array along axis 1; size of axis is 11 but size of corresponding boolean axis is 22
2025-06-09 17:34:39,912 [ERROR] MLFilter: Feature selector transform failed: boolean index did not match indexed array along axis 1; size of axis is 11 but size of corresponding boolean axis is 22
2025-06-09 17:34:39,912 [ERROR] MLFilter: should_enter blocked: MLFilter: Feature selector transform failed: boolean index did not match indexed array along axis 1; size of axis is 11 but size of corresponding boolean axis is 22
2025-06-09 17:34:39,975 [ERROR] MLFilter: Feature selector transform failed: boolean index did not match indexed array along axis 1; size of axis is 11 but size of corresponding boolean axis is 22
2025-06-09 17:34:39,975 [ERROR] MLFilter: should_enter blocked: MLFilter: Feature selector transform failed: boolean index did not match indexed array along axis 1; size of axis is 11 but size of corresponding boolean axis is 22
2025-06-09 17:34:40,037 [ERROR] MLFilter: Feature selector transform failed: boolean index did not match indexed array along axis 1; size of axis is 11 but size of corresponding boolean axis is 22
2025-06-09 17:34:40,037 [ERROR] MLFilter: should_enter blocked: MLFilter: Feature selector transform failed: boolean index did not match indexed array along axis 1; size of axis is 11 but size of corresponding boolean axis is 22
2025-06-09 17:34:40,099 [ERROR] MLFilter: Feature selector transform failed: boolean index did not match indexed array along axis 1; size of axis is 11 but size of corresponding boolean axis is 22
2025-06-09 17:34:40,099 [ERROR] MLFilter: should_enter blocked: MLFilter: Feature selector transform failed: boolean index did not match indexed array along axis 1; size of axis is 11 but size of corresponding boolean axis is 22
2025-06-09 17:34:40,164 [ERROR] MLFilter: Feature selector transform failed: boolean index did not match indexed array along axis 1; size of axis is 11 but size of corresponding boolean axis is 22
2025-06-09 17:34:40,164 [ERROR] MLFilter: should_enter blocked: MLFilter: Feature selector transform failed: boolean index did not match indexed array along axis 1; size of axis is 11 but size of corresponding boolean axis is 22
2025-06-09 17:34:40,225 [ERROR] MLFilter: Feature selector transform failed: boolean index did not match indexed array along axis 1; size of axis is 11 but size of corresponding boolean axis is 22
2025-06-09 17:34:40,225 [ERROR] MLFilter: should_enter blocked: MLFilter: Feature selector transform failed: boolean index did not match indexed array along axis 1; size of axis is 11 but size of corresponding boolean axis is 22
2025-06-09 17:34:40,287 [ERROR] MLFilter: Feature selector transform failed: boolean index did not match indexed array along axis 1; size of axis is 11 but size of corresponding boolean axis is 22
2025-06-09 17:34:40,287 [ERROR] MLFilter: should_enter blocked: MLFilter: Feature selector transform failed: boolean index did not match indexed array along axis 1; size of axis is 11 but size of corresponding boolean axis is 22
2025-06-09 17:34:40,349 [ERROR] MLFilter: Feature selector transform failed: boolean index did not match indexed array along axis 1; size of axis is 11 but size of corresponding boolean axis is 22
2025-06-09 17:34:40,349 [ERROR] MLFilter: should_enter blocked: MLFilter: Feature selector transform failed: boolean index did not match indexed array along axis 1; size of axis is 11 but size of corresponding boolean axis is 22
2025-06-09 17:34:40,411 [ERROR] MLFilter: Feature selector transform failed: boolean index did not match indexed array along axis 1; size of axis is 11 but size of corresponding boolean axis is 22
2025-06-09 17:34:40,411 [ERROR] MLFilter: should_enter blocked: MLFilter: Feature selector transform failed: boolean index did not match indexed array along axis 1; size of axis is 11 but size of corresponding boolean axis is 22
2025-06-09 17:34:40,472 [ERROR] MLFilter: Feature selector transform failed: boolean index did not match indexed array along axis 1; size of axis is 11 but size of corresponding boolean axis is 22
2025-06-09 17:34:40,473 [ERROR] MLFilter: should_enter blocked: MLFilter: Feature selector transform failed: boolean index did not match indexed array along axis 1; size of axis is 11 but size of corresponding boolean axis is 22
2025-06-09 17:34:40,535 [ERROR] MLFilter: Feature selector transform failed: boolean index did not match indexed array along axis 1; size of axis is 11 but size of corresponding boolean axis is 22
2025-06-09 17:34:40,535 [ERROR] MLFilter: should_enter blocked: MLFilter: Feature selector transform failed: boolean index did not match indexed array along axis 1; size of axis is 11 but size of corresponding boolean axis is 22
2025-06-09 17:34:40,597 [ERROR] MLFilter: Feature selector transform failed: boolean index did not match indexed array along axis 1; size of axis is 11 but size of corresponding boolean axis is 22
2025-06-09 17:34:40,597 [ERROR] MLFilter: should_enter blocked: MLFilter: Feature selector transform failed: boolean index did not match indexed array along axis 1; size of axis is 11 but size of corresponding boolean axis is 22
2025-06-09 17:34:40,659 [ERROR] MLFilter: Feature selector transform failed: boolean index did not match indexed array along axis 1; size of axis is 11 but size of corresponding boolean axis is 22
2025-06-09 17:34:40,659 [ERROR] MLFilter: should_enter blocked: MLFilter: Feature selector transform failed: boolean index did not match indexed array along axis 1; size of axis is 11 but size of corresponding boolean axis is 22
2025-06-09 17:34:40,721 [ERROR] MLFilter: Feature selector transform failed: boolean index did not match indexed array along axis 1; size of axis is 11 but size of corresponding boolean axis is 22
2025-06-09 17:34:40,721 [ERROR] MLFilter: should_enter blocked: MLFilter: Feature selector transform failed: boolean index did not match indexed array along axis 1; size of axis is 11 but size of corresponding boolean axis is 22
2025-06-09 17:34:40,783 [ERROR] MLFilter: Feature selector transform failed: boolean index did not match indexed array along axis 1; size of axis is 11 but size of corresponding boolean axis is 22
2025-06-09 17:34:40,784 [ERROR] MLFilter: should_enter blocked: MLFilter: Feature selector transform failed: boolean index did not match indexed array along axis 1; size of axis is 11 but size of corresponding boolean axis is 22
2025-06-09 17:34:40,845 [ERROR] MLFilter: Feature selector transform failed: boolean index did not match indexed array along axis 1; size of axis is 11 but size of corresponding boolean axis is 22
2025-06-09 17:34:40,846 [ERROR] MLFilter: should_enter blocked: MLFilter: Feature selector transform failed: boolean index did not match indexed array along axis 1; size of axis is 11 but size of corresponding boolean axis is 22
2025-06-09 17:34:40,909 [ERROR] MLFilter: Feature selector transform failed: boolean index did not match indexed array along axis 1; size of axis is 11 but size of corresponding boolean axis is 22
2025-06-09 17:34:40,909 [ERROR] MLFilter: should_enter blocked: MLFilter: Feature selector transform failed: boolean index did not match indexed array along axis 1; size of axis is 11 but size of corresponding boolean axis is 22
2025-06-09 17:34:40,970 [ERROR] MLFilter: Feature selector transform failed: boolean index did not match indexed array along axis 1; size of axis is 11 but size of corresponding boolean axis is 22
2025-06-09 17:34:40,970 [ERROR] MLFilter: should_enter blocked: MLFilter: Feature selector transform failed: boolean index did not match indexed array along axis 1; size of axis is 11 but size of corresponding boolean axis is 22
2025-06-09 17:34:41,032 [ERROR] MLFilter: Feature selector transform failed: boolean index did not match indexed array along axis 1; size of axis is 11 but size of corresponding boolean axis is 22
2025-06-09 17:34:41,033 [ERROR] MLFilter: should_enter blocked: MLFilter: Feature selector transform failed: boolean index did not match indexed array along axis 1; size of axis is 11 but size of corresponding boolean axis is 22
2025-06-09 17:34:41,094 [ERROR] MLFilter: Feature selector transform failed: boolean index did not match indexed array along axis 1; size of axis is 11 but size of corresponding boolean axis is 22
2025-06-09 17:34:41,094 [ERROR] MLFilter: should_enter blocked: MLFilter: Feature selector transform failed: boolean index did not match indexed array along axis 1; size of axis is 11 but size of corresponding boolean axis is 22
2025-06-09 17:34:41,157 [ERROR] MLFilter: Feature selector transform failed: boolean index did not match indexed array along axis 1; size of axis is 11 but size of corresponding boolean axis is 22
2025-06-09 17:34:41,157 [ERROR] MLFilter: should_enter blocked: MLFilter: Feature selector transform failed: boolean index did not match indexed array along axis 1; size of axis is 11 but size of corresponding boolean axis is 22
2025-06-09 17:34:41,219 [ERROR] MLFilter: Feature selector transform failed: boolean index did not match indexed array along axis 1; size of axis is 11 but size of corresponding boolean axis is 22
2025-06-09 17:34:41,219 [ERROR] MLFilter: should_enter blocked: MLFilter: Feature selector transform failed: boolean index did not match indexed array along axis 1; size of axis is 11 but size of corresponding boolean axis is 22
2025-06-09 17:34:41,281 [ERROR] MLFilter: Feature selector transform failed: boolean index did not match indexed array along axis 1; size of axis is 11 but size of corresponding boolean axis is 22
2025-06-09 17:34:41,281 [ERROR] MLFilter: should_enter blocked: MLFilter: Feature selector transform failed: boolean index did not match indexed array along axis 1; size of axis is 11 but size of corresponding boolean axis is 22
2025-06-09 17:34:41,343 [ERROR] MLFilter: Feature selector transform failed: boolean index did not match indexed array along axis 1; size of axis is 11 but size of corresponding boolean axis is 22
2025-06-09 17:34:41,343 [ERROR] MLFilter: should_enter blocked: MLFilter: Feature selector transform failed: boolean index did not match indexed array along axis 1; size of axis is 11 but size of corresponding boolean axis is 22
2025-06-09 17:34:41,406 [ERROR] MLFilter: Feature selector transform failed: boolean index did not match indexed array along axis 1; size of axis is 11 but size of corresponding boolean axis is 22
2025-06-09 17:34:41,406 [ERROR] MLFilter: should_enter blocked: MLFilter: Feature selector transform failed: boolean index did not match indexed array along axis 1; size of axis is 11 but size of corresponding boolean axis is 22
2025-06-09 17:34:41,468 [ERROR] MLFilter: Feature selector transform failed: boolean index did not match indexed array along axis 1; size of axis is 11 but size of corresponding boolean axis is 22
2025-06-09 17:34:41,468 [ERROR] MLFilter: should_enter blocked: MLFilter: Feature selector transform failed: boolean index did not match indexed array along axis 1; size of axis is 11 but size of corresponding boolean axis is 22
2025-06-09 17:34:41,531 [ERROR] MLFilter: Feature selector transform failed: boolean index did not match indexed array along axis 1; size of axis is 11 but size of corresponding boolean axis is 22
2025-06-09 17:34:41,531 [ERROR] MLFilter: should_enter blocked: MLFilter: Feature selector transform failed: boolean index did not match indexed array along axis 1; size of axis is 11 but size of corresponding boolean axis is 22
2025-06-09 17:34:41,592 [ERROR] MLFilter: Feature selector transform failed: boolean index did not match indexed array along axis 1; size of axis is 11 but size of corresponding boolean axis is 22
2025-06-09 17:34:41,593 [ERROR] MLFilter: should_enter blocked: MLFilter: Feature selector transform failed: boolean index did not match indexed array along axis 1; size of axis is 11 but size of corresponding boolean axis is 22
2025-06-09 17:34:41,655 [ERROR] MLFilter: Feature selector transform failed: boolean index did not match indexed array along axis 1; size of axis is 11 but size of corresponding boolean axis is 22
2025-06-09 17:34:41,655 [ERROR] MLFilter: should_enter blocked: MLFilter: Feature selector transform failed: boolean index did not match indexed array along axis 1; size of axis is 11 but size of corresponding boolean axis is 22
2025-06-09 17:34:41,716 [ERROR] MLFilter: Feature selector transform failed: boolean index did not match indexed array along axis 1; size of axis is 11 but size of corresponding boolean axis is 22
2025-06-09 17:34:41,717 [ERROR] MLFilter: should_enter blocked: MLFilter: Feature selector transform failed: boolean index did not match indexed array along axis 1; size of axis is 11 but size of corresponding boolean axis is 22
2025-06-09 17:34:41,779 [ERROR] MLFilter: Feature selector transform failed: boolean index did not match indexed array along axis 1; size of axis is 11 but size of corresponding boolean axis is 22
2025-06-09 17:34:41,779 [ERROR] MLFilter: should_enter blocked: MLFilter: Feature selector transform failed: boolean index did not match indexed array along axis 1; size of axis is 11 but size of corresponding boolean axis is 22
2025-06-09 17:34:41,841 [ERROR] MLFilter: Feature selector transform failed: boolean index did not match indexed array along axis 1; size of axis is 11 but size of corresponding boolean axis is 22
2025-06-09 17:34:41,841 [ERROR] MLFilter: should_enter blocked: MLFilter: Feature selector transform failed: boolean index did not match indexed array along axis 1; size of axis is 11 but size of corresponding boolean axis is 22
2025-06-09 17:34:41,904 [ERROR] MLFilter: Feature selector transform failed: boolean index did not match indexed array along axis 1; size of axis is 11 but size of corresponding boolean axis is 22
2025-06-09 17:34:41,904 [ERROR] MLFilter: should_enter blocked: MLFilter: Feature selector transform failed: boolean index did not match indexed array along axis 1; size of axis is 11 but size of corresponding boolean axis is 22
2025-06-09 17:34:41,966 [ERROR] MLFilter: Feature selector transform failed: boolean index did not match indexed array along axis 1; size of axis is 11 but size of corresponding boolean axis is 22
2025-06-09 17:34:41,966 [ERROR] MLFilter: should_enter blocked: MLFilter: Feature selector transform failed: boolean index did not match indexed array along axis 1; size of axis is 11 but size of corresponding boolean axis is 22
2025-06-09 17:34:42,027 [ERROR] MLFilter: Feature selector transform failed: boolean index did not match indexed array along axis 1; size of axis is 11 but size of corresponding boolean axis is 22
2025-06-09 17:34:42,028 [ERROR] MLFilter: should_enter blocked: MLFilter: Feature selector transform failed: boolean index did not match indexed array along axis 1; size of axis is 11 but size of corresponding boolean axis is 22
2025-06-09 17:34:42,089 [ERROR] MLFilter: Feature selector transform failed: boolean index did not match indexed array along axis 1; size of axis is 11 but size of corresponding boolean axis is 22
2025-06-09 17:34:42,089 [ERROR] MLFilter: should_enter blocked: MLFilter: Feature selector transform failed: boolean index did not match indexed array along axis 1; size of axis is 11 but size of corresponding boolean axis is 22
2025-06-09 17:34:42,152 [ERROR] MLFilter: Feature selector transform failed: boolean index did not match indexed array along axis 1; size of axis is 11 but size of corresponding boolean axis is 22
2025-06-09 17:34:42,152 [ERROR] MLFilter: should_enter blocked: MLFilter: Feature selector transform failed: boolean index did not match indexed array along axis 1; size of axis is 11 but size of corresponding boolean axis is 22
2025-06-09 17:34:42,215 [ERROR] MLFilter: Feature selector transform failed: boolean index did not match indexed array along axis 1; size of axis is 11 but size of corresponding boolean axis is 22
2025-06-09 17:34:42,215 [ERROR] MLFilter: should_enter blocked: MLFilter: Feature selector transform failed: boolean index did not match indexed array along axis 1; size of axis is 11 but size of corresponding boolean axis is 22
2025-06-09 17:34:42,276 [ERROR] MLFilter: Feature selector transform failed: boolean index did not match indexed array along axis 1; size of axis is 11 but size of corresponding boolean axis is 22
2025-06-09 17:34:42,277 [ERROR] MLFilter: should_enter blocked: MLFilter: Feature selector transform failed: boolean index did not match indexed array along axis 1; size of axis is 11 but size of corresponding boolean axis is 22
2025-06-09 17:34:42,339 [ERROR] MLFilter: Feature selector transform failed: boolean index did not match indexed array along axis 1; size of axis is 11 but size of corresponding boolean axis is 22
2025-06-09 17:34:42,340 [ERROR] MLFilter: should_enter blocked: MLFilter: Feature selector transform failed: boolean index did not match indexed array along axis 1; size of axis is 11 but size of corresponding boolean axis is 22
2025-06-09 17:34:42,400 [ERROR] MLFilter: Feature selector transform failed: boolean index did not match indexed array along axis 1; size of axis is 11 but size of corresponding boolean axis is 22
2025-06-09 17:34:42,401 [ERROR] MLFilter: should_enter blocked: MLFilter: Feature selector transform failed: boolean index did not match indexed array along axis 1; size of axis is 11 but size of corresponding boolean axis is 22
2025-06-09 17:34:42,462 [ERROR] MLFilter: Feature selector transform failed: boolean index did not match indexed array along axis 1; size of axis is 11 but size of corresponding boolean axis is 22
2025-06-09 17:34:42,462 [ERROR] MLFilter: should_enter blocked: MLFilter: Feature selector transform failed: boolean index did not match indexed array along axis 1; size of axis is 11 but size of corresponding boolean axis is 22
2025-06-09 17:34:42,524 [ERROR] MLFilter: Feature selector transform failed: boolean index did not match indexed array along axis 1; size of axis is 11 but size of corresponding boolean axis is 22
2025-06-09 17:34:42,525 [ERROR] MLFilter: should_enter blocked: MLFilter: Feature selector transform failed: boolean index did not match indexed array along axis 1; size of axis is 11 but size of corresponding boolean axis is 22
